#
# A fatal error has been detected by the Java Runtime Environment:
#
#  EXCEPTION_ACCESS_VIOLATION (0xc0000005) at pc=0x56fde7a6, pid=5048, tid=6020
#
# JRE version: 7.0_01-b08
# Java VM: Java HotSpot(TM) Client VM (21.1-b02 mixed mode, sharing windows-x86 )
# Problematic frame:
# V  [jvm.dll+0x6e7a6]
#
# Failed to write core dump. Minidumps are not enabled by default on client versions of Windows
#
# If you would like to submit a bug report, please visit:
#   http://bugreport.sun.com/bugreport/crash.jsp
#

---------------  T H R E A D  ---------------

Current thread (0x00b88c00):  VMThread [stack: 0x01020000,0x01070000] [id=6020]

siginfo: ExceptionCode=0xc0000005, reading address 0x0000000c

Registers:
EAX=0x00000002, EBX=0x0106f8e8, ECX=0x00000000, EDX=0x00000000
ESP=0x0106f8bc, EBP=0x0106f8c8, ESI=0x33c50030, EDI=0x33c50028
EIP=0x56fde7a6, EFLAGS=0x00010202

Top of Stack: (sp=0x0106f8bc)
0x0106f8bc:   33c52800 33c50000 33c50000 0106f8fc
0x0106f8cc:   56fddc9b 33c50000 00000a3e 33c50000
0x0106f8dc:   33c528f8 0106f8e8 00af5568 571d8ee8
0x0106f8ec:   56f80400 00b9fc48 33c50000 0106fadc
0x0106f8fc:   0106f924 56fddc27 33c50000 00000a3e
0x0106f90c:   33c50000 33c528f8 00f5ffff 00000a00
0x0106f91c:   33c50000 33c50000 0106f94c 56fcd302
0x0106f92c:   33c50000 00000a00 00af4900 571d5b44 

Instructions: (pc=0x56fde7a6)
0x56fde786:   14 73 6e 8d a4 24 00 00 00 00 8b 4f 04 8b 41 08
0x56fde796:   8b 90 20 01 00 00 83 c1 08 53 57 ff d2 8b 4e 04
0x56fde7a6:   8b 41 0c 83 c1 08 8b fe 85 c0 7e 09 a8 01 75 31
0x56fde7b6:   c1 f8 02 eb 34 79 2a 8b 56 08 8b c8 83 e1 3f d3 


Register to memory mapping:

EAX=0x00000002 is an unknown value
EBX=0x0106f8e8 is an unknown value
ECX=0x00000000 is an unknown value
EDX=0x00000000 is an unknown value
ESP=0x0106f8bc is an unknown value
EBP=0x0106f8c8 is an unknown value
ESI=
[error occurred during error reporting (printing register info), id 0xc0000005]

Stack: [0x01020000,0x01070000],  sp=0x0106f8bc,  free space=318k
Native frames: (J=compiled Java code, j=interpreted, Vv=VM code, C=native code)
V  [jvm.dll+0x6e7a6]
V  [jvm.dll+0x6dc9b]
V  [jvm.dll+0x6dc27]
V  [jvm.dll+0x5d302]
V  [jvm.dll+0x5c79b]
V  [jvm.dll+0x5cef8]
V  [jvm.dll+0x6884c]
V  [jvm.dll+0x5ee90]
V  [jvm.dll+0x5cdb4]
V  [jvm.dll+0x6d6b6]
V  [jvm.dll+0x6778f]
V  [jvm.dll+0x61afa]
V  [jvm.dll+0x671d6]
V  [jvm.dll+0x5ea03]
V  [jvm.dll+0x16b106]
V  [jvm.dll+0x148f35]
V  [jvm.dll+0x14816e]
V  [jvm.dll+0x14849c]
V  [jvm.dll+0x148912]
V  [jvm.dll+0x171549]
C  [msvcr100.dll+0x5c6de]  endthreadex+0x3a
C  [msvcr100.dll+0x5c788]  endthreadex+0xe4
C  [kernel32.dll+0x4ed6c]  BaseThreadInitThunk+0x12
C  [ntdll.dll+0x6377b]  RtlInitializeExceptionChain+0xef
C  [ntdll.dll+0x6374e]  RtlInitializeExceptionChain+0xc2

VM_Operation (0x04d0d6a4): GenCollectForAllocation, mode: safepoint, requested by thread 0x04044c00


---------------  P R O C E S S  ---------------

Java Threads: ( => current thread )
  0x04045000 JavaThread "Keep-Alive-Timer" daemon [_thread_blocked, id=1064, stack(0x051b0000,0x05200000)]
  0x04045800 JavaThread "ProgressReporter" daemon [_thread_blocked, id=5860, stack(0x04e60000,0x04eb0000)]
  0x04044c00 JavaThread "thread applet-greenfoot.export.GreenfootScenarioViewer.class-1" [_thread_blocked, id=4608, stack(0x04cc0000,0x04d10000)]
  0x04043800 JavaThread "AWT-EventQueue-1" [_thread_blocked, id=6068, stack(0x04b50000,0x04ba0000)]
  0x04044400 JavaThread "AWT-EventQueue-2" [_thread_blocked, id=4848, stack(0x04980000,0x049d0000)]
  0x04044000 JavaThread "JVM[id=1]-Heartbeat" daemon [_thread_blocked, id=4636, stack(0x01260000,0x012b0000)]
  0x04043400 JavaThread "Applet 1 LiveConnect Worker Thread" [_thread_blocked, id=4420, stack(0x04c20000,0x04c70000)]
  0x04042c00 JavaThread "Browser Side Object Cleanup Thread" [_thread_blocked, id=4456, stack(0x04780000,0x047d0000)]
  0x04042800 JavaThread "CacheCleanUpThread" daemon [_thread_blocked, id=4192, stack(0x04db0000,0x04e00000)]
  0x04041000 JavaThread "CacheMemoryCleanUpThread" daemon [_thread_blocked, id=4972, stack(0x04d10000,0x04d60000)]
  0x04038000 JavaThread "SysExecutionTheadCreator" daemon [_thread_blocked, id=4404, stack(0x04bd0000,0x04c20000)]
  0x04030c00 JavaThread "AWT-EventQueue-0" [_thread_blocked, id=2528, stack(0x04700000,0x04750000)]
  0x0402e000 JavaThread "AWT-Windows" daemon [_thread_in_native, id=5832, stack(0x00d00000,0x00e00000)]
  0x04029800 JavaThread "AWT-Shutdown" [_thread_blocked, id=6096, stack(0x045f0000,0x04640000)]
  0x04029000 JavaThread "Java2D Disposer" daemon [_thread_blocked, id=4036, stack(0x049f0000,0x04a40000)]
  0x0401b800 JavaThread "Java Plug-In Pipe Worker Thread (Client-Side)" daemon [_thread_in_native, id=5368, stack(0x04840000,0x04890000)]
  0x03ff7000 JavaThread "Timer-0" [_thread_blocked, id=5804, stack(0x045a0000,0x045f0000)]
  0x03fa7400 JavaThread "traceMsgQueueThread" daemon [_thread_blocked, id=6008, stack(0x010f0000,0x01140000)]
  0x00bb6c00 JavaThread "Service Thread" daemon [_thread_blocked, id=3784, stack(0x005b0000,0x00600000)]
  0x00bacc00 JavaThread "C1 CompilerThread0" daemon [_thread_blocked, id=2732, stack(0x012c0000,0x01310000)]
  0x00bab800 JavaThread "Attach Listener" daemon [_thread_blocked, id=5384, stack(0x00fb0000,0x01000000)]
  0x00ba8800 JavaThread "Signal Dispatcher" daemon [_thread_blocked, id=3944, stack(0x00c00000,0x00c50000)]
  0x00b8b800 JavaThread "Finalizer" daemon [_thread_blocked, id=5024, stack(0x01080000,0x010d0000)]
  0x00b8a000 JavaThread "Reference Handler" daemon [_thread_blocked, id=2460, stack(0x01150000,0x011a0000)]
  0x0060bc00 JavaThread "main" [_thread_blocked, id=3112, stack(0x006c0000,0x00710000)]

Other Threads:
=>0x00b88c00 VMThread [stack: 0x01020000,0x01070000] [id=6020]
  0x00bb9000 WatcherThread [stack: 0x011e0000,0x01230000] [id=5796]

VM state:at safepoint (normal execution)

VM Mutex/Monitor currently owned by a thread:  ([mutex/lock_event])
[0x00609618] Threads_lock - owner thread: 0x00b88c00
[0x00609a28] Heap_lock - owner thread: 0x04044c00

Heap
 def new generation   total 4928K, used 4416K [0x23c50000, 0x241a0000, 0x291a0000)
  eden space 4416K, 100% used [0x23c50000, 0x240a0000, 0x240a0000)
  from space 512K,   0% used [0x240a0000, 0x240a0000, 0x24120000)
  to   space 512K,  40% used [0x24120000, 0x241544a0, 0x241a0000)
 tenured generation   total 10944K, used 0K [0x291a0000, 0x29c50000, 0x33c50000)
   the space 10944K,   0% used [0x291a0000, 0x291a0000, 0x291a0200, 0x29c50000)
 compacting perm gen  total 12288K, used 2730K [0x33c50000, 0x34850000, 0x37c50000)
   the space 12288K,  22% used [0x33c50000, 0x33efa8d8, 0x33efaa00, 0x34850000)
    ro space 10240K,  42% used [0x37c50000, 0x3808c7b0, 0x3808c800, 0x38650000)
    rw space 12288K,  53% used [0x38650000, 0x38cc8210, 0x38cc8400, 0x39250000)

Code Cache  [0x01fa0000, 0x02050000, 0x03fa0000)
 total_blobs=364 nmethods=141 adapters=156 free_code_cache=32094Kb largest_free_block=32864768

Dynamic libraries:
0x01370000 - 0x0139e000 	C:\Program Files\Java\jre7\bin\java.exe
0x77240000 - 0x7737c000 	C:\Windows\SYSTEM32\ntdll.dll
0x758b0000 - 0x75984000 	C:\Windows\system32\kernel32.dll
0x75480000 - 0x754ca000 	C:\Windows\system32\KERNELBASE.dll
0x75eb0000 - 0x75f50000 	C:\Windows\system32\ADVAPI32.dll
0x75ce0000 - 0x75d8c000 	C:\Windows\system32\msvcrt.dll
0x75c60000 - 0x75c79000 	C:\Windows\SYSTEM32\sechost.dll
0x75800000 - 0x758a1000 	C:\Windows\system32\RPCRT4.dll
0x773a0000 - 0x77469000 	C:\Windows\system32\USER32.dll
0x75c80000 - 0x75cce000 	C:\Windows\system32\GDI32.dll
0x771c0000 - 0x771ca000 	C:\Windows\system32\LPK.dll
0x76d90000 - 0x76e2d000 	C:\Windows\system32\USP10.dll
0x717a0000 - 0x7193e000 	C:\Windows\WinSxS\x86_microsoft.windows.common-controls_6595b64144ccf1df_6.0.7601.17514_none_41e6975e2bd6f2b2\COMCTL32.dll
0x76090000 - 0x760e7000 	C:\Windows\system32\SHLWAPI.dll
0x752d0000 - 0x7531c000 	C:\Windows\system32\apphelp.dll
0x667e0000 - 0x6686d000 	C:\Windows\AppPatch\AcLayers.DLL
0x752b0000 - 0x752cb000 	C:\Windows\system32\SspiCli.dll
0x760f0000 - 0x76d3a000 	C:\Windows\system32\SHELL32.dll
0x76fd0000 - 0x7712c000 	C:\Windows\system32\ole32.dll
0x75b50000 - 0x75bdf000 	C:\Windows\system32\OLEAUT32.dll
0x749f0000 - 0x74a07000 	C:\Windows\system32\USERENV.dll
0x753d0000 - 0x753db000 	C:\Windows\system32\profapi.dll
0x74820000 - 0x74871000 	C:\Windows\system32\WINSPOOL.DRV
0x74970000 - 0x74982000 	C:\Windows\system32\MPR.dll
0x77380000 - 0x7739f000 	C:\Windows\system32\IMM32.DLL
0x756d0000 - 0x7579c000 	C:\Windows\system32\MSCTF.dll
0x63030000 - 0x630ee000 	C:\Program Files\Java\jre7\bin\msvcr100.dll
0x56f70000 - 0x57291000 	C:\Program Files\Java\jre7\bin\client\jvm.dll
0x74960000 - 0x74967000 	C:\Windows\system32\WSOCK32.dll
0x771d0000 - 0x77205000 	C:\Windows\system32\WS2_32.dll
0x75cd0000 - 0x75cd6000 	C:\Windows\system32\NSI.dll
0x747c0000 - 0x747f2000 	C:\Windows\system32\WINMM.dll
0x75f50000 - 0x75f55000 	C:\Windows\system32\PSAPI.DLL
0x703a0000 - 0x703ac000 	C:\Program Files\Java\jre7\bin\verify.dll
0x6e1b0000 - 0x6e1d0000 	C:\Program Files\Java\jre7\bin\java.dll
0x58d50000 - 0x58e92000 	C:\Program Files\Java\jre7\bin\awt.dll
0x75350000 - 0x7535c000 	C:\Windows\system32\CRYPTBASE.dll
0x71620000 - 0x71660000 	C:\Windows\system32\uxtheme.dll
0x494e0000 - 0x494e7000 	C:\Users\Andy\Documents\Other\Tray It\TrayIt4!.dll
0x690c0000 - 0x690d3000 	C:\Program Files\Java\jre7\bin\zip.dll
0x702c0000 - 0x702c6000 	C:\Program Files\Java\jre7\bin\jp2native.dll
0x65210000 - 0x65243000 	C:\Program Files\Java\jre7\bin\deploy.dll
0x74990000 - 0x74999000 	C:\Windows\system32\VERSION.dll
0x75d90000 - 0x75eab000 	C:\Windows\system32\WININET.dll
0x76080000 - 0x76083000 	C:\Windows\system32\Normaliz.dll
0x75990000 - 0x75b48000 	C:\Windows\system32\iertutil.dll
0x75f60000 - 0x76071000 	C:\Windows\system32\urlmon.dll
0x651f0000 - 0x65204000 	C:\Program Files\Java\jre7\bin\net.dll
0x74e10000 - 0x74e4c000 	C:\Windows\system32\mswsock.dll
0x74e00000 - 0x74e06000 	C:\Windows\System32\wship6.dll
0x6e1a0000 - 0x6e1af000 	C:\Program Files\Java\jre7\bin\nio.dll
0x712f0000 - 0x71303000 	C:\Windows\system32\dwmapi.dll
0x65190000 - 0x651ba000 	C:\Program Files\Java\jre7\bin\fontmanager.dll
0x71c80000 - 0x71c85000 	C:\Windows\System32\wshtcpip.dll
0x74cd0000 - 0x74d14000 	C:\Windows\system32\DNSAPI.dll
0x6d400000 - 0x6d427000 	C:\Program Files\Common Files\Microsoft Shared\Windows Live\WLIDNSP.DLL
0x6d3d0000 - 0x6d3f1000 	C:\Program Files\Bonjour\mdnsNSP.dll
0x70a60000 - 0x70a7c000 	C:\Windows\system32\Iphlpapi.DLL
0x70a40000 - 0x70a47000 	C:\Windows\system32\WINNSI.DLL
0x6d3c0000 - 0x6d3c6000 	C:\Windows\system32\rasadhlp.dll
0x70900000 - 0x70938000 	C:\Windows\System32\fwpuclnt.dll
0x74e50000 - 0x74e66000 	C:\Windows\system32\CRYPTSP.dll
0x74bf0000 - 0x74c2b000 	C:\Windows\system32\rsaenh.dll
0x70df0000 - 0x70e00000 	C:\Windows\system32\NLAapi.dll
0x6c150000 - 0x6c160000 	C:\Windows\system32\napinsp.dll
0x69090000 - 0x690a2000 	C:\Windows\system32\pnrpnsp.dll
0x69080000 - 0x69088000 	C:\Windows\System32\winrnr.dll

VM Arguments:
jvm_args: -D__jvm_launched=39834388545 -D__applet_launched=39834373847 -Xbootclasspath/a:C:\\PROGRA~1\\Java\\jre7\\lib\\deploy.jar;C:\\PROGRA~1\\Java\\jre7\\lib\\javaws.jar;C:\\PROGRA~1\\Java\\jre7\\lib\\plugin.jar -Dsun.awt.warmup=true -Dsun.plugin2.jvm.args=-D__jvm_launched=39834388545 -D__applet_launched=39834373847 "-Xbootclasspath/a:C:\\\\PROGRA~1\\\\Java\\\\jre7\\\\lib\\\\deploy.jar;C:\\\\PROGRA~1\\\\Java\\\\jre7\\\\lib\\\\javaws.jar;C:\\\\PROGRA~1\\\\Java\\\\jre7\\\\lib\\\\plugin.jar" "-Djava.class.path=C:\\\\PROGRA~1\\\\Java\\\\jre7\\\\classes" -Dsun.awt.warmup=true --- -- 
java_command: sun.plugin2.main.client.PluginMain write_pipe_name=jpi2_pid5396_pipe2,read_pipe_name=jpi2_pid5396_pipe1
Launcher Type: SUN_STANDARD

Environment Variables:
PATH=C:\Program Files\Mozilla Firefox;C:\Program Files\Common Files\Microsoft Shared\Windows Live;C:\Windows\system32;C:\Windows;C:\Windows\System32\Wbem;C:\Windows\System32\WindowsPowerShell\v1.0\;C:\Program Files\Common Files\Adobe\AGL;c:\Program Files\Microsoft SQL Server\100\Tools\Binn\;c:\Program Files\Microsoft SQL Server\100\DTS\Binn\;C:\Program Files\Windows Live\Shared;C:\Program Files\QuickTime\QTSystem\
USERNAME=Andy
OS=Windows_NT
PROCESSOR_IDENTIFIER=x86 Family 6 Model 15 Stepping 13, GenuineIntel



---------------  S Y S T E M  ---------------

OS: Windows 7 Build 7601 Service Pack 1

CPU:total 2 (2 cores per cpu, 1 threads per core) family 6 model 15 stepping 13, cmov, cx8, fxsr, mmx, sse, sse2, sse3, ssse3

Memory: 4k page, physical 3134644k(1113180k free), swap 6267532k(3427796k free)

vm_info: Java HotSpot(TM) Client VM (21.1-b02) for windows-x86 JRE (1.7.0_01-b08), built on Oct  3 2011 02:11:36 by "java_re" with unknown MS VC++:1600

time: Fri Jan 13 21:28:45 2012
elapsed time: 11 seconds

