#
# A fatal error has been detected by the Java Runtime Environment:
#
#  EXCEPTION_ACCESS_VIOLATION (0xc0000005) at pc=0x640e5f85, pid=3312, tid=3572
#
# JRE version: 7.0_01-b08
# Java VM: Java HotSpot(TM) Client VM (21.1-b02 mixed mode, sharing windows-x86 )
# Problematic frame:
# V  [jvm.dll+0x85f85]
#
# Failed to write core dump. Minidumps are not enabled by default on client versions of Windows
#
# If you would like to submit a bug report, please visit:
#   http://bugreport.sun.com/bugreport/crash.jsp
#

---------------  T H R E A D  ---------------

Current thread (0x01358c00):  VMThread [stack: 0x03760000,0x037b0000] [id=3572]

siginfo: ExceptionCode=0xc0000005, reading address 0x00000068

Registers:
EAX=0x00000000, EBX=0x38c3a2bc, ECX=0x00000000, EDX=0x00000000
ESP=0x037af694, EBP=0x037af6b0, ESI=0x38c3a308, EDI=0x33c50030
EIP=0x640e5f85, EFLAGS=0x00010293

Top of Stack: (sp=0x037af694)
0x037af694:   643331a8 012c29c8 38c3a2a8 38654178
0x037af6a4:   38c3a308 00000003 38654170 037af6c8
0x037af6b4:   640eb56f 38c3a2a8 643331a8 38c39600
0x037af6c4:   012c29c8 037af6e8 641c8712 38c3a2a8
0x037af6d4:   643331a8 38c39600 012c29c8 037af6f4
0x037af6e4:   641c8b0b 037af6f4 641c8b11 643331a8
0x037af6f4:   037af708 640d1236 00000003 643331a8
0x037af704:   012c29c8 037af724 640cd574 643331a8 

Instructions: (pc=0x640e5f85)
0x640e5f65:   80 3d 77 6e 32 64 00 75 0a 8b d0 80 e2 07 80 fa
0x640e5f75:   01 eb 1b 8b c8 83 e1 07 83 f9 05 74 24 8b 57 04
0x640e5f85:   8b 52 68 83 e2 07 80 fa 05 74 0c 83 f9 01 75 07
0x640e5f95:   a9 80 ff ff ff 74 0a 50 57 e8 0d 24 0e 00 83 c4 


Register to memory mapping:

EAX=0x00000000 is an unknown value
EBX=0x38c3a2bc is an oop
java.lang.Class 
 - klass: 'java/lang/Class'
ECX=0x00000000 is an unknown value
EDX=0x00000000 is an unknown value
ESP=0x037af694 is an unknown value
EBP=0x037af6b0 is an unknown value
ESI=0x38c3a308 is an oop
java.lang.Class 
 - klass: 'java/lang/Class'
EDI=
[error occurred during error reporting (printing register info), id 0xc0000005]

Stack: [0x03760000,0x037b0000],  sp=0x037af694,  free space=317k
Native frames: (J=compiled Java code, j=interpreted, Vv=VM code, C=native code)
V  [jvm.dll+0x85f85]
V  [jvm.dll+0x8b56f]
V  [jvm.dll+0x168712]
V  [jvm.dll+0x168b11]
V  [jvm.dll+0x71236]
V  [jvm.dll+0x6d574]
V  [jvm.dll+0x6778f]
V  [jvm.dll+0x6965f]
V  [jvm.dll+0x69b10]
V  [jvm.dll+0x68627]
V  [jvm.dll+0x6fc93]
V  [jvm.dll+0x671d6]
V  [jvm.dll+0x675be]
V  [jvm.dll+0x16b1ec]
V  [jvm.dll+0x148f35]
V  [jvm.dll+0x14816e]
V  [jvm.dll+0x14849c]
V  [jvm.dll+0x148912]
V  [jvm.dll+0x171549]
C  [msvcr100.dll+0x5c6de]  endthreadex+0x3a
C  [msvcr100.dll+0x5c788]  endthreadex+0xe4
C  [kernel32.dll+0x4ed6c]  BaseThreadInitThunk+0x12
C  [ntdll.dll+0x6377b]  RtlInitializeExceptionChain+0xef
C  [ntdll.dll+0x6374e]  RtlInitializeExceptionChain+0xc2

VM_Operation (0x0544f184): GenCollectFull, mode: safepoint, requested by thread 0x03d95800


---------------  P R O C E S S  ---------------

Java Threads: ( => current thread )
  0x03d95800 JavaThread "SimulationThread" [_thread_blocked, id=5476, stack(0x05400000,0x05450000)]
  0x03d96c00 JavaThread "TimerQueue" daemon [_thread_blocked, id=5472, stack(0x04c70000,0x04cc0000)]
  0x03d97000 JavaThread "Keep-Alive-Timer" daemon [_thread_blocked, id=5468, stack(0x05260000,0x052b0000)]
  0x03d96000 JavaThread "ProgressReporter" daemon [_thread_blocked, id=5464, stack(0x04880000,0x048d0000)]
  0x03d98c00 JavaThread "thread applet-greenfoot.export.GreenfootScenarioViewer.class-4" [_thread_blocked, id=5444, stack(0x04a80000,0x04ad0000)]
  0x03d97800 JavaThread "AWT-EventQueue-5" [_thread_blocked, id=5440, stack(0x04c00000,0x04c50000)]
  0x03d99c00 JavaThread "Applet 5 LiveConnect Worker Thread" [_thread_blocked, id=5432, stack(0x04710000,0x04760000)]
  0x03d95000 JavaThread "AWT-Shutdown" [_thread_blocked, id=5424, stack(0x04570000,0x045c0000)]
  0x03d99000 JavaThread "Java Sound Event Dispatcher" daemon [_thread_blocked, id=5044, stack(0x054c0000,0x05510000)]
  0x03d96400 JavaThread "JVM[id=2]-Heartbeat" daemon [_thread_blocked, id=3476, stack(0x04920000,0x04970000)]
  0x03d94c00 JavaThread "Browser Side Object Cleanup Thread" [_thread_blocked, id=3860, stack(0x03960000,0x039b0000)]
  0x03d94400 JavaThread "CacheCleanUpThread" daemon [_thread_blocked, id=3924, stack(0x047f0000,0x04840000)]
  0x03d90c00 JavaThread "CacheMemoryCleanUpThread" daemon [_thread_blocked, id=3620, stack(0x04500000,0x04550000)]
  0x03d25c00 JavaThread "SysExecutionTheadCreator" daemon [_thread_blocked, id=3864, stack(0x04770000,0x047c0000)]
  0x03d1b400 JavaThread "AWT-Windows" daemon [_thread_in_native, id=2096, stack(0x01450000,0x01550000)]
  0x03d17800 JavaThread "Java2D Disposer" daemon [_thread_blocked, id=2692, stack(0x03ba0000,0x03bf0000)]
  0x03d14800 JavaThread "Java Plug-In Pipe Worker Thread (Client-Side)" daemon [_thread_in_native, id=3368, stack(0x04400000,0x04450000)]
  0x03cea000 JavaThread "Timer-0" [_thread_blocked, id=3296, stack(0x03bf0000,0x03c40000)]
  0x03ca5400 JavaThread "traceMsgQueueThread" daemon [_thread_blocked, id=1704, stack(0x037b0000,0x03800000)]
  0x0138d800 JavaThread "Service Thread" daemon [_thread_blocked, id=2428, stack(0x03aa0000,0x03af0000)]
  0x0137cc00 JavaThread "C1 CompilerThread0" daemon [_thread_blocked, id=3224, stack(0x03860000,0x038b0000)]
  0x0137b400 JavaThread "Attach Listener" daemon [_thread_blocked, id=3816, stack(0x03b20000,0x03b70000)]
  0x0137a400 JavaThread "Signal Dispatcher" daemon [_thread_blocked, id=2384, stack(0x039f0000,0x03a40000)]
  0x0135b800 JavaThread "Finalizer" daemon [_thread_blocked, id=2476, stack(0x03800000,0x03850000)]
  0x0135a000 JavaThread "Reference Handler" daemon [_thread_blocked, id=3036, stack(0x03900000,0x03950000)]
  0x011abc00 JavaThread "main" [_thread_blocked, id=3356, stack(0x01240000,0x01290000)]

Other Threads:
=>0x01358c00 VMThread [stack: 0x03760000,0x037b0000] [id=3572]
  0x01390000 WatcherThread [stack: 0x03c40000,0x03c90000] [id=3228]

VM state:at safepoint (normal execution)

VM Mutex/Monitor currently owned by a thread:  ([mutex/lock_event])
[0x011a95d8] Threads_lock - owner thread: 0x01358c00
[0x011a99e8] Heap_lock - owner thread: 0x03d95800

Heap
 def new generation   total 11328K, used 5922K [0x23c50000, 0x24890000, 0x291a0000)
  eden space 10112K,  58% used [0x23c50000, 0x24214558, 0x24630000)
  from space 1216K,   1% used [0x24760000, 0x247643f8, 0x24890000)
  to   space 1216K,   0% used [0x24630000, 0x24630000, 0x24760000)
 tenured generation   total 24928K, used 9465K [0x291a0000, 0x2a9f8000, 0x33c50000)
   the space 24928K,  37% used [0x291a0000, 0x29ade5d0, 0x29ade600, 0x2a9f8000)
 compacting perm gen  total 12288K, used 5200K [0x33c50000, 0x34850000, 0x37c50000)
   the space 12288K,  42% used [0x33c50000, 0x34164018, 0x34164200, 0x34850000)
    ro space 10240K,  42% used [0x37c50000, 0x3808c7b0, 0x3808c800, 0x38650000)
    rw space 12288K,  53% used [0x38650000, 0x38cc8210, 0x38cc8400, 0x39250000)

Code Cache  [0x01670000, 0x01910000, 0x03670000)
 total_blobs=1633 nmethods=1373 adapters=191 free_code_cache=30106Kb largest_free_block=30822208

Dynamic libraries:
0x013c0000 - 0x013ee000 	C:\Program Files\Java\jre7\bin\java.exe
0x77580000 - 0x776bc000 	C:\Windows\SYSTEM32\ntdll.dll
0x761d0000 - 0x762a4000 	C:\Windows\system32\kernel32.dll
0x75790000 - 0x757da000 	C:\Windows\system32\KERNELBASE.dll
0x760e0000 - 0x76180000 	C:\Windows\system32\ADVAPI32.dll
0x75a10000 - 0x75abc000 	C:\Windows\system32\msvcrt.dll
0x776c0000 - 0x776d9000 	C:\Windows\SYSTEM32\sechost.dll
0x77700000 - 0x777a1000 	C:\Windows\system32\RPCRT4.dll
0x76490000 - 0x76559000 	C:\Windows\system32\USER32.dll
0x75ac0000 - 0x75b0e000 	C:\Windows\system32\GDI32.dll
0x776f0000 - 0x776fa000 	C:\Windows\system32\LPK.dll
0x765c0000 - 0x7665d000 	C:\Windows\system32\USP10.dll
0x71ae0000 - 0x71c7e000 	C:\Windows\WinSxS\x86_microsoft.windows.common-controls_6595b64144ccf1df_6.0.7601.17514_none_41e6975e2bd6f2b2\COMCTL32.dll
0x75d40000 - 0x75d97000 	C:\Windows\system32\SHLWAPI.dll
0x75610000 - 0x7565c000 	C:\Windows\system32\apphelp.dll
0x6cc50000 - 0x6ccdd000 	C:\Windows\AppPatch\AcLayers.DLL
0x755f0000 - 0x7560b000 	C:\Windows\system32\SspiCli.dll
0x76810000 - 0x7745a000 	C:\Windows\system32\SHELL32.dll
0x75f80000 - 0x760dc000 	C:\Windows\system32\ole32.dll
0x75cb0000 - 0x75d3f000 	C:\Windows\system32\OLEAUT32.dll
0x74d30000 - 0x74d47000 	C:\Windows\system32\USERENV.dll
0x75710000 - 0x7571b000 	C:\Windows\system32\profapi.dll
0x74b60000 - 0x74bb1000 	C:\Windows\system32\WINSPOOL.DRV
0x74cb0000 - 0x74cc2000 	C:\Windows\system32\MPR.dll
0x75f60000 - 0x75f7f000 	C:\Windows\system32\IMM32.DLL
0x76660000 - 0x7672c000 	C:\Windows\system32\MSCTF.dll
0x6cd70000 - 0x6ce2e000 	C:\Program Files\Java\jre7\bin\msvcr100.dll
0x64060000 - 0x64381000 	C:\Program Files\Java\jre7\bin\client\jvm.dll
0x74ca0000 - 0x74ca7000 	C:\Windows\system32\WSOCK32.dll
0x762b0000 - 0x762e5000 	C:\Windows\system32\WS2_32.dll
0x76730000 - 0x76736000 	C:\Windows\system32\NSI.dll
0x74b00000 - 0x74b32000 	C:\Windows\system32\WINMM.dll
0x776e0000 - 0x776e5000 	C:\Windows\system32\PSAPI.DLL
0x701f0000 - 0x701fc000 	C:\Program Files\Java\jre7\bin\verify.dll
0x6ff30000 - 0x6ff50000 	C:\Program Files\Java\jre7\bin\java.dll
0x6c9a0000 - 0x6cae2000 	C:\Program Files\Java\jre7\bin\awt.dll
0x75690000 - 0x7569c000 	C:\Windows\system32\CRYPTBASE.dll
0x71960000 - 0x719a0000 	C:\Windows\system32\uxtheme.dll
0x6ded0000 - 0x6dee3000 	C:\Program Files\Java\jre7\bin\zip.dll
0x494e0000 - 0x494e7000 	C:\Users\Andy\Documents\Other\Tray It\TrayIt4!.dll
0x70100000 - 0x70106000 	C:\Program Files\Java\jre7\bin\jp2native.dll
0x6de90000 - 0x6dec3000 	C:\Program Files\Java\jre7\bin\deploy.dll
0x74cd0000 - 0x74cd9000 	C:\Windows\system32\VERSION.dll
0x75b10000 - 0x75c2b000 	C:\Windows\system32\WININET.dll
0x76740000 - 0x76743000 	C:\Windows\system32\Normaliz.dll
0x75da0000 - 0x75f58000 	C:\Windows\system32\iertutil.dll
0x77460000 - 0x77571000 	C:\Windows\system32\urlmon.dll
0x6de60000 - 0x6de74000 	C:\Program Files\Java\jre7\bin\net.dll
0x75150000 - 0x7518c000 	C:\Windows\system32\mswsock.dll
0x75140000 - 0x75146000 	C:\Windows\System32\wship6.dll
0x6dcb0000 - 0x6dcbf000 	C:\Program Files\Java\jre7\bin\nio.dll
0x71630000 - 0x71643000 	C:\Windows\system32\dwmapi.dll
0x6cd40000 - 0x6cd6a000 	C:\Program Files\Java\jre7\bin\fontmanager.dll
0x71fc0000 - 0x71fc5000 	C:\Windows\System32\wshtcpip.dll
0x75010000 - 0x75054000 	C:\Windows\system32\DNSAPI.dll
0x6e6b0000 - 0x6e6d7000 	C:\Program Files\Common Files\Microsoft Shared\Windows Live\WLIDNSP.DLL
0x6e680000 - 0x6e6a1000 	C:\Program Files\Bonjour\mdnsNSP.dll
0x70a00000 - 0x70a1c000 	C:\Windows\system32\Iphlpapi.DLL
0x709f0000 - 0x709f7000 	C:\Windows\system32\WINNSI.DLL
0x6e670000 - 0x6e676000 	C:\Windows\system32\rasadhlp.dll
0x6fd10000 - 0x6fd48000 	C:\Windows\System32\fwpuclnt.dll
0x75190000 - 0x751a6000 	C:\Windows\system32\CRYPTSP.dll
0x74f30000 - 0x74f6b000 	C:\Windows\system32\rsaenh.dll
0x70f30000 - 0x70f40000 	C:\Windows\system32\NLAapi.dll
0x6d9e0000 - 0x6d9f0000 	C:\Windows\system32\napinsp.dll
0x6d9c0000 - 0x6d9d2000 	C:\Windows\system32\pnrpnsp.dll
0x6d9b0000 - 0x6d9b8000 	C:\Windows\System32\winrnr.dll
0x6cce0000 - 0x6cd04000 	C:\Program Files\Java\jre7\bin\dcpr.dll
0x6cc10000 - 0x6cc41000 	C:\Program Files\Java\jre7\bin\t2k.dll
0x6cd10000 - 0x6cd35000 	C:\Program Files\Java\jre7\bin\jpeg.dll
0x6cbe0000 - 0x6cc0d000 	C:\Program Files\Java\jre7\bin\kcms.dll
0x76780000 - 0x76803000 	C:\Windows\system32\CLBCatQ.DLL
0x70630000 - 0x7063a000 	C:\Program Files\Java\jre7\bin\jsound.dll
0x6d420000 - 0x6d429000 	C:\Program Files\Java\jre7\bin\jsoundds.dll
0x693d0000 - 0x69442000 	C:\Windows\system32\DSOUND.dll
0x70fa0000 - 0x70fc5000 	C:\Windows\system32\POWRPROF.dll
0x762f0000 - 0x7648d000 	C:\Windows\system32\SETUPAPI.dll
0x759e0000 - 0x75a07000 	C:\Windows\system32\CFGMGR32.dll
0x75870000 - 0x75882000 	C:\Windows\system32\DEVOBJ.dll
0x71650000 - 0x71689000 	C:\Windows\system32\MMDevAPI.DLL
0x719a0000 - 0x71a95000 	C:\Windows\system32\PROPSYS.dll
0x70f50000 - 0x70f80000 	C:\Windows\system32\wdmaud.drv
0x70f40000 - 0x70f44000 	C:\Windows\system32\ksuser.dll
0x70ee0000 - 0x70ee7000 	C:\Windows\system32\AVRT.dll
0x70dc0000 - 0x70df6000 	C:\Windows\system32\AUDIOSES.DLL
0x70db0000 - 0x70db8000 	C:\Windows\system32\msacm32.drv
0x70d90000 - 0x70da4000 	C:\Windows\system32\MSACM32.dll
0x70d80000 - 0x70d87000 	C:\Windows\system32\midimap.dll

VM Arguments:
jvm_args: -D__jvm_launched=8912205966 -D__applet_launched=8912204591 -Xbootclasspath/a:C:\\PROGRA~1\\Java\\jre7\\lib\\deploy.jar;C:\\PROGRA~1\\Java\\jre7\\lib\\javaws.jar;C:\\PROGRA~1\\Java\\jre7\\lib\\plugin.jar -Dsun.awt.warmup=true -Dsun.plugin2.jvm.args=-D__jvm_launched=8912205966 -D__applet_launched=8912204591 "-Xbootclasspath/a:C:\\\\PROGRA~1\\\\Java\\\\jre7\\\\lib\\\\deploy.jar;C:\\\\PROGRA~1\\\\Java\\\\jre7\\\\lib\\\\javaws.jar;C:\\\\PROGRA~1\\\\Java\\\\jre7\\\\lib\\\\plugin.jar" "-Djava.class.path=C:\\\\PROGRA~1\\\\Java\\\\jre7\\\\classes" -Dsun.awt.warmup=true --- -- 
java_command: sun.plugin2.main.client.PluginMain write_pipe_name=jpi2_pid2584_pipe5,read_pipe_name=jpi2_pid2584_pipe4
Launcher Type: SUN_STANDARD

Environment Variables:
PATH=C:\Program Files\Mozilla Firefox;C:\Program Files\Common Files\Microsoft Shared\Windows Live;C:\Windows\system32;C:\Windows;C:\Windows\System32\Wbem;C:\Windows\System32\WindowsPowerShell\v1.0\;C:\Program Files\Common Files\Adobe\AGL;c:\Program Files\Microsoft SQL Server\100\Tools\Binn\;c:\Program Files\Microsoft SQL Server\100\DTS\Binn\;C:\Program Files\Windows Live\Shared;C:\Program Files\QuickTime\QTSystem\
USERNAME=Andy
OS=Windows_NT
PROCESSOR_IDENTIFIER=x86 Family 6 Model 15 Stepping 13, GenuineIntel



---------------  S Y S T E M  ---------------

OS: Windows 7 Build 7601 Service Pack 1

CPU:total 2 (2 cores per cpu, 1 threads per core) family 6 model 15 stepping 13, cmov, cx8, fxsr, mmx, sse, sse2, sse3, ssse3

Memory: 4k page, physical 3134644k(1388304k free), swap 6267532k(3995088k free)

vm_info: Java HotSpot(TM) Client VM (21.1-b02) for windows-x86 JRE (1.7.0_01-b08), built on Oct  3 2011 02:11:36 by "java_re" with unknown MS VC++:1600

time: Wed Jan 11 18:11:14 2012
elapsed time: 974 seconds

