#
# A fatal error has been detected by the Java Runtime Environment:
#
#  EXCEPTION_ACCESS_VIOLATION (0xc0000005) at pc=0x640ce7a6, pid=3836, tid=1068
#
# JRE version: 7.0_01-b08
# Java VM: Java HotSpot(TM) Client VM (21.1-b02 mixed mode, sharing windows-x86 )
# Problematic frame:
# V  [jvm.dll+0x6e7a6]
#
# Failed to write core dump. Minidumps are not enabled by default on client versions of Windows
#
# If you would like to submit a bug report, please visit:
#   http://bugreport.sun.com/bugreport/crash.jsp
#

---------------  T H R E A D  ---------------

Current thread (0x009a8c00):  VMThread [stack: 0x00c40000,0x00c90000] [id=1068]

siginfo: ExceptionCode=0xc0000005, reading address 0x0000000c

Registers:
EAX=0x00000002, EBX=0x00c8f7e8, ECX=0x00000000, EDX=0x00000000
ESP=0x00c8f7bc, EBP=0x00c8f7c8, ESI=0x33c50030, EDI=0x33c50028
EIP=0x640ce7a6, EFLAGS=0x00010202

Top of Stack: (sp=0x00c8f7bc)
0x00c8f7bc:   33c52800 33c50000 33c50000 00c8f7fc
0x00c8f7cc:   640cdc9b 33c50000 00000a3e 33c50000
0x00c8f7dc:   33c528f8 00c8f7e8 00915568 642c8ee8
0x00c8f7ec:   64070400 009bfc48 33c50000 00c8f9dc
0x00c8f7fc:   00c8f824 640cdc27 33c50000 00000a3e
0x00c8f80c:   33c50000 33c528f8 00a7ffff 00000a00
0x00c8f81c:   33c50000 33c50000 00c8f84c 640bd302
0x00c8f82c:   33c50000 00000a00 00914900 642c5b44 

Instructions: (pc=0x640ce7a6)
0x640ce786:   14 73 6e 8d a4 24 00 00 00 00 8b 4f 04 8b 41 08
0x640ce796:   8b 90 20 01 00 00 83 c1 08 53 57 ff d2 8b 4e 04
0x640ce7a6:   8b 41 0c 83 c1 08 8b fe 85 c0 7e 09 a8 01 75 31
0x640ce7b6:   c1 f8 02 eb 34 79 2a 8b 56 08 8b c8 83 e1 3f d3 


Register to memory mapping:

EAX=0x00000002 is an unknown value
EBX=0x00c8f7e8 is an unknown value
ECX=0x00000000 is an unknown value
EDX=0x00000000 is an unknown value
ESP=0x00c8f7bc is an unknown value
EBP=0x00c8f7c8 is an unknown value
ESI=
[error occurred during error reporting (printing register info), id 0xc0000005]

Stack: [0x00c40000,0x00c90000],  sp=0x00c8f7bc,  free space=317k
Native frames: (J=compiled Java code, j=interpreted, Vv=VM code, C=native code)
V  [jvm.dll+0x6e7a6]
V  [jvm.dll+0x6dc9b]
V  [jvm.dll+0x6dc27]
V  [jvm.dll+0x5d302]
V  [jvm.dll+0x5c79b]
V  [jvm.dll+0x5cef8]
V  [jvm.dll+0x6884c]
V  [jvm.dll+0x5ee90]
V  [jvm.dll+0x5cdb4]
V  [jvm.dll+0x6d6b6]
V  [jvm.dll+0x6778f]
V  [jvm.dll+0x61afa]
V  [jvm.dll+0x671d6]
V  [jvm.dll+0x5ea03]
V  [jvm.dll+0x16b106]
V  [jvm.dll+0x148f35]
V  [jvm.dll+0x14816e]
V  [jvm.dll+0x14849c]
V  [jvm.dll+0x148912]
V  [jvm.dll+0x171549]
C  [msvcr100.dll+0x5c6de]  endthreadex+0x3a
C  [msvcr100.dll+0x5c788]  endthreadex+0xe4
C  [kernel32.dll+0x4ed6c]  BaseThreadInitThunk+0x12
C  [ntdll.dll+0x6377b]  RtlInitializeExceptionChain+0xef
C  [ntdll.dll+0x6374e]  RtlInitializeExceptionChain+0xc2

VM_Operation (0x013bef08): GenCollectForAllocation, mode: safepoint, requested by thread 0x01084800


---------------  P R O C E S S  ---------------

Java Threads: ( => current thread )
  0x01085000 JavaThread "Image Fetcher 1" daemon [_thread_blocked, id=1992, stack(0x04ad0000,0x04b20000)]
  0x01083c00 JavaThread "Image Fetcher 0" daemon [_thread_blocked, id=2412, stack(0x04b50000,0x04ba0000)]
  0x01084800 JavaThread "Thread-11" daemon [_thread_blocked, id=1364, stack(0x01370000,0x013c0000)]
  0x01084400 JavaThread "ProgressReporter" daemon [_thread_blocked, id=3308, stack(0x051d0000,0x05220000)]
  0x01083800 JavaThread "thread applet-greenfoot.export.GreenfootScenarioViewer.class-1" [_thread_in_native, id=2652, stack(0x044a0000,0x044f0000)]
  0x01082800 JavaThread "AWT-EventQueue-1" [_thread_blocked, id=3320, stack(0x05080000,0x050d0000)]
  0x01080c00 JavaThread "AWT-EventQueue-2" [_thread_blocked, id=2520, stack(0x04940000,0x04990000)]
  0x01083000 JavaThread "JVM[id=1]-Heartbeat" daemon [_thread_blocked, id=1920, stack(0x04a30000,0x04a80000)]
  0x01082400 JavaThread "Applet 1 LiveConnect Worker Thread" [_thread_blocked, id=3132, stack(0x04a80000,0x04ad0000)]
  0x01081c00 JavaThread "Browser Side Object Cleanup Thread" [_thread_blocked, id=3840, stack(0x045e0000,0x04630000)]
  0x01081800 JavaThread "CacheCleanUpThread" daemon [_thread_blocked, id=3800, stack(0x00f00000,0x00f50000)]
  0x01081000 JavaThread "CacheMemoryCleanUpThread" daemon [_thread_blocked, id=3164, stack(0x049c0000,0x04a10000)]
  0x01080400 JavaThread "SysExecutionTheadCreator" daemon [_thread_blocked, id=1772, stack(0x048d0000,0x04920000)]
  0x0107fc00 JavaThread "AWT-EventQueue-0" [_thread_blocked, id=3200, stack(0x04740000,0x04790000)]
  0x0107bc00 JavaThread "AWT-Windows" daemon [_thread_in_native, id=1532, stack(0x00b10000,0x00c10000)]
  0x01077400 JavaThread "AWT-Shutdown" [_thread_blocked, id=1240, stack(0x00880000,0x008d0000)]
  0x01075c00 JavaThread "Java2D Disposer" daemon [_thread_blocked, id=3608, stack(0x04630000,0x04680000)]
  0x0106ec00 JavaThread "Java Plug-In Pipe Worker Thread (Client-Side)" daemon [_thread_in_native, id=3272, stack(0x04300000,0x04350000)]
  0x01047000 JavaThread "Timer-0" [_thread_blocked, id=2784, stack(0x00db0000,0x00e00000)]
  0x0100a000 JavaThread "traceMsgQueueThread" daemon [_thread_blocked, id=3936, stack(0x01310000,0x01360000)]
  0x009d1800 JavaThread "Service Thread" daemon [_thread_blocked, id=2424, stack(0x00e50000,0x00ea0000)]
  0x009ccc00 JavaThread "C1 CompilerThread0" daemon [_thread_blocked, id=3820, stack(0x00fa0000,0x00ff0000)]
  0x009cb800 JavaThread "Attach Listener" daemon [_thread_blocked, id=868, stack(0x00e00000,0x00e50000)]
  0x009c8800 JavaThread "Signal Dispatcher" daemon [_thread_blocked, id=3520, stack(0x00eb0000,0x00f00000)]
  0x009ab800 JavaThread "Finalizer" daemon [_thread_blocked, id=4020, stack(0x00cc0000,0x00d10000)]
  0x009aa000 JavaThread "Reference Handler" daemon [_thread_blocked, id=1172, stack(0x00d40000,0x00d90000)]
  0x0054bc00 JavaThread "main" [_thread_blocked, id=3020, stack(0x007d0000,0x00820000)]

Other Threads:
=>0x009a8c00 VMThread [stack: 0x00c40000,0x00c90000] [id=1068]
  0x009e4800 WatcherThread [stack: 0x00640000,0x00690000] [id=1416]

VM state:at safepoint (normal execution)

VM Mutex/Monitor currently owned by a thread:  ([mutex/lock_event])
[0x005495d8] Threads_lock - owner thread: 0x009a8c00
[0x005499e8] Heap_lock - owner thread: 0x01084800

Heap
 def new generation   total 4928K, used 4298K [0x23c50000, 0x241a0000, 0x291a0000)
  eden space 4416K,  97% used [0x23c50000, 0x24082818, 0x240a0000)
  from space 512K,   0% used [0x240a0000, 0x240a0000, 0x24120000)
  to   space 512K,  40% used [0x24120000, 0x24153390, 0x241a0000)
 tenured generation   total 10944K, used 0K [0x291a0000, 0x29c50000, 0x33c50000)
   the space 10944K,   0% used [0x291a0000, 0x291a0000, 0x291a0200, 0x29c50000)
 compacting perm gen  total 12288K, used 2635K [0x33c50000, 0x34850000, 0x37c50000)
   the space 12288K,  21% used [0x33c50000, 0x33ee2d80, 0x33ee2e00, 0x34850000)
    ro space 10240K,  42% used [0x37c50000, 0x3808c7b0, 0x3808c800, 0x38650000)
    rw space 12288K,  53% used [0x38650000, 0x38cc8210, 0x38cc8400, 0x39250000)

Code Cache  [0x01ff0000, 0x02090000, 0x03ff0000)
 total_blobs=331 nmethods=105 adapters=159 free_code_cache=32133Kb largest_free_block=32904832

Dynamic libraries:
0x013c0000 - 0x013ee000 	C:\Program Files\Java\jre7\bin\java.exe
0x77580000 - 0x776bc000 	C:\Windows\SYSTEM32\ntdll.dll
0x761d0000 - 0x762a4000 	C:\Windows\system32\kernel32.dll
0x75790000 - 0x757da000 	C:\Windows\system32\KERNELBASE.dll
0x760e0000 - 0x76180000 	C:\Windows\system32\ADVAPI32.dll
0x75a10000 - 0x75abc000 	C:\Windows\system32\msvcrt.dll
0x776c0000 - 0x776d9000 	C:\Windows\SYSTEM32\sechost.dll
0x77700000 - 0x777a1000 	C:\Windows\system32\RPCRT4.dll
0x76490000 - 0x76559000 	C:\Windows\system32\USER32.dll
0x75ac0000 - 0x75b0e000 	C:\Windows\system32\GDI32.dll
0x776f0000 - 0x776fa000 	C:\Windows\system32\LPK.dll
0x765c0000 - 0x7665d000 	C:\Windows\system32\USP10.dll
0x71ae0000 - 0x71c7e000 	C:\Windows\WinSxS\x86_microsoft.windows.common-controls_6595b64144ccf1df_6.0.7601.17514_none_41e6975e2bd6f2b2\COMCTL32.dll
0x75d40000 - 0x75d97000 	C:\Windows\system32\SHLWAPI.dll
0x75610000 - 0x7565c000 	C:\Windows\system32\apphelp.dll
0x6cc50000 - 0x6ccdd000 	C:\Windows\AppPatch\AcLayers.DLL
0x755f0000 - 0x7560b000 	C:\Windows\system32\SspiCli.dll
0x76810000 - 0x7745a000 	C:\Windows\system32\SHELL32.dll
0x75f80000 - 0x760dc000 	C:\Windows\system32\ole32.dll
0x75cb0000 - 0x75d3f000 	C:\Windows\system32\OLEAUT32.dll
0x74d30000 - 0x74d47000 	C:\Windows\system32\USERENV.dll
0x75710000 - 0x7571b000 	C:\Windows\system32\profapi.dll
0x74b60000 - 0x74bb1000 	C:\Windows\system32\WINSPOOL.DRV
0x74cb0000 - 0x74cc2000 	C:\Windows\system32\MPR.dll
0x75f60000 - 0x75f7f000 	C:\Windows\system32\IMM32.DLL
0x76660000 - 0x7672c000 	C:\Windows\system32\MSCTF.dll
0x6cd70000 - 0x6ce2e000 	C:\Program Files\Java\jre7\bin\msvcr100.dll
0x64060000 - 0x64381000 	C:\Program Files\Java\jre7\bin\client\jvm.dll
0x74ca0000 - 0x74ca7000 	C:\Windows\system32\WSOCK32.dll
0x762b0000 - 0x762e5000 	C:\Windows\system32\WS2_32.dll
0x76730000 - 0x76736000 	C:\Windows\system32\NSI.dll
0x74b00000 - 0x74b32000 	C:\Windows\system32\WINMM.dll
0x776e0000 - 0x776e5000 	C:\Windows\system32\PSAPI.DLL
0x701f0000 - 0x701fc000 	C:\Program Files\Java\jre7\bin\verify.dll
0x6ff30000 - 0x6ff50000 	C:\Program Files\Java\jre7\bin\java.dll
0x69050000 - 0x69192000 	C:\Program Files\Java\jre7\bin\awt.dll
0x75690000 - 0x7569c000 	C:\Windows\system32\CRYPTBASE.dll
0x71960000 - 0x719a0000 	C:\Windows\system32\uxtheme.dll
0x6ded0000 - 0x6dee3000 	C:\Program Files\Java\jre7\bin\zip.dll
0x494e0000 - 0x494e7000 	C:\Users\Andy\Documents\Other\Tray It\TrayIt4!.dll
0x70100000 - 0x70106000 	C:\Program Files\Java\jre7\bin\jp2native.dll
0x6de90000 - 0x6dec3000 	C:\Program Files\Java\jre7\bin\deploy.dll
0x74cd0000 - 0x74cd9000 	C:\Windows\system32\VERSION.dll
0x75b10000 - 0x75c2b000 	C:\Windows\system32\WININET.dll
0x76740000 - 0x76743000 	C:\Windows\system32\Normaliz.dll
0x75da0000 - 0x75f58000 	C:\Windows\system32\iertutil.dll
0x77460000 - 0x77571000 	C:\Windows\system32\urlmon.dll
0x6de60000 - 0x6de74000 	C:\Program Files\Java\jre7\bin\net.dll
0x75150000 - 0x7518c000 	C:\Windows\system32\mswsock.dll
0x75140000 - 0x75146000 	C:\Windows\System32\wship6.dll
0x6dcb0000 - 0x6dcbf000 	C:\Program Files\Java\jre7\bin\nio.dll
0x71630000 - 0x71643000 	C:\Windows\system32\dwmapi.dll
0x6cd10000 - 0x6cd3a000 	C:\Program Files\Java\jre7\bin\fontmanager.dll
0x71fc0000 - 0x71fc5000 	C:\Windows\System32\wshtcpip.dll
0x75010000 - 0x75054000 	C:\Windows\system32\DNSAPI.dll
0x6e6b0000 - 0x6e6d7000 	C:\Program Files\Common Files\Microsoft Shared\Windows Live\WLIDNSP.DLL
0x6e680000 - 0x6e6a1000 	C:\Program Files\Bonjour\mdnsNSP.dll
0x70a00000 - 0x70a1c000 	C:\Windows\system32\Iphlpapi.DLL
0x709f0000 - 0x709f7000 	C:\Windows\system32\WINNSI.DLL
0x6e670000 - 0x6e676000 	C:\Windows\system32\rasadhlp.dll
0x6fd10000 - 0x6fd48000 	C:\Windows\System32\fwpuclnt.dll
0x75190000 - 0x751a6000 	C:\Windows\system32\CRYPTSP.dll
0x74f30000 - 0x74f6b000 	C:\Windows\system32\rsaenh.dll
0x70f30000 - 0x70f40000 	C:\Windows\system32\NLAapi.dll
0x6d9e0000 - 0x6d9f0000 	C:\Windows\system32\napinsp.dll
0x6d9c0000 - 0x6d9d2000 	C:\Windows\system32\pnrpnsp.dll
0x6d9b0000 - 0x6d9b8000 	C:\Windows\System32\winrnr.dll

VM Arguments:
jvm_args: -D__jvm_launched=8881201189 -D__applet_launched=8881170419 -Xbootclasspath/a:C:\\PROGRA~1\\Java\\jre7\\lib\\deploy.jar;C:\\PROGRA~1\\Java\\jre7\\lib\\javaws.jar;C:\\PROGRA~1\\Java\\jre7\\lib\\plugin.jar -Dsun.awt.warmup=true -Dsun.plugin2.jvm.args=-D__jvm_launched=8881201189 -D__applet_launched=8881170419 "-Xbootclasspath/a:C:\\\\PROGRA~1\\\\Java\\\\jre7\\\\lib\\\\deploy.jar;C:\\\\PROGRA~1\\\\Java\\\\jre7\\\\lib\\\\javaws.jar;C:\\\\PROGRA~1\\\\Java\\\\jre7\\\\lib\\\\plugin.jar" "-Djava.class.path=C:\\\\PROGRA~1\\\\Java\\\\jre7\\\\classes" -Dsun.awt.warmup=true --- -- 
java_command: sun.plugin2.main.client.PluginMain write_pipe_name=jpi2_pid2584_pipe2,read_pipe_name=jpi2_pid2584_pipe1
Launcher Type: SUN_STANDARD

Environment Variables:
PATH=C:\Program Files\Mozilla Firefox;C:\Program Files\Common Files\Microsoft Shared\Windows Live;C:\Windows\system32;C:\Windows;C:\Windows\System32\Wbem;C:\Windows\System32\WindowsPowerShell\v1.0\;C:\Program Files\Common Files\Adobe\AGL;c:\Program Files\Microsoft SQL Server\100\Tools\Binn\;c:\Program Files\Microsoft SQL Server\100\DTS\Binn\;C:\Program Files\Windows Live\Shared;C:\Program Files\QuickTime\QTSystem\
USERNAME=Andy
OS=Windows_NT
PROCESSOR_IDENTIFIER=x86 Family 6 Model 15 Stepping 13, GenuineIntel



---------------  S Y S T E M  ---------------

OS: Windows 7 Build 7601 Service Pack 1

CPU:total 2 (2 cores per cpu, 1 threads per core) family 6 model 15 stepping 13, cmov, cx8, fxsr, mmx, sse, sse2, sse3, ssse3

Memory: 4k page, physical 3134644k(1489096k free), swap 6267532k(4286224k free)

vm_info: Java HotSpot(TM) Client VM (21.1-b02) for windows-x86 JRE (1.7.0_01-b08), built on Oct  3 2011 02:11:36 by "java_re" with unknown MS VC++:1600

time: Wed Jan 11 17:54:32 2012
elapsed time: 2 seconds

