#
# A fatal error has been detected by the Java Runtime Environment:
#
#  EXCEPTION_ACCESS_VIOLATION (0xc0000005) at pc=0x64925f85, pid=3688, tid=1912
#
# JRE version: 7.0_01-b08
# Java VM: Java HotSpot(TM) Client VM (21.1-b02 mixed mode, sharing windows-x86 )
# Problematic frame:
# V  [jvm.dll+0x85f85]
#
# Failed to write core dump. Minidumps are not enabled by default on client versions of Windows
#
# If you would like to submit a bug report, please visit:
#   http://bugreport.sun.com/bugreport/crash.jsp
#

---------------  T H R E A D  ---------------

Current thread (0x00b08c00):  VMThread [stack: 0x010b0000,0x01100000] [id=1912]

siginfo: ExceptionCode=0xc0000005, reading address 0x00000068

Registers:
EAX=0x00000000, EBX=0x38c3a2bc, ECX=0x00000000, EDX=0x00000000
ESP=0x010ffa24, EBP=0x010ffa40, ESI=0x38c3a308, EDI=0x33c50030
EIP=0x64925f85, EFLAGS=0x00010293

Top of Stack: (sp=0x010ffa24)
0x010ffa24:   64b731a8 00a729c8 38c3a2a8 38654178
0x010ffa34:   38c3a308 00000003 38654170 010ffa58
0x010ffa44:   6492b56f 38c3a2a8 64b731a8 38c39600
0x010ffa54:   00a729c8 010ffa78 64a08712 38c3a2a8
0x010ffa64:   64b731a8 38c39600 00a729c8 010ffa84
0x010ffa74:   64a08b0b 010ffa84 64a08b11 64b731a8
0x010ffa84:   010ffa98 64911236 00000003 64b731a8
0x010ffa94:   00a729c8 010ffab4 6490d574 64b731a8 

Instructions: (pc=0x64925f85)
0x64925f65:   80 3d 77 6e b6 64 00 75 0a 8b d0 80 e2 07 80 fa
0x64925f75:   01 eb 1b 8b c8 83 e1 07 83 f9 05 74 24 8b 57 04
0x64925f85:   8b 52 68 83 e2 07 80 fa 05 74 0c 83 f9 01 75 07
0x64925f95:   a9 80 ff ff ff 74 0a 50 57 e8 0d 24 0e 00 83 c4 


Register to memory mapping:

EAX=0x00000000 is an unknown value
EBX=0x38c3a2bc is an oop
java.lang.Class 
 - klass: 'java/lang/Class'
ECX=0x00000000 is an unknown value
EDX=0x00000000 is an unknown value
ESP=0x010ffa24 is an unknown value
EBP=0x010ffa40 is an unknown value
ESI=0x38c3a308 is an oop
java.lang.Class 
 - klass: 'java/lang/Class'
EDI=
[error occurred during error reporting (printing register info), id 0xc0000005]

Stack: [0x010b0000,0x01100000],  sp=0x010ffa24,  free space=318k
Native frames: (J=compiled Java code, j=interpreted, Vv=VM code, C=native code)
V  [jvm.dll+0x85f85]
V  [jvm.dll+0x8b56f]
V  [jvm.dll+0x168712]
V  [jvm.dll+0x168b11]
V  [jvm.dll+0x71236]
V  [jvm.dll+0x6d574]
V  [jvm.dll+0x6778f]
V  [jvm.dll+0x6965f]
V  [jvm.dll+0x69b10]
V  [jvm.dll+0x68627]
V  [jvm.dll+0x6fc93]
V  [jvm.dll+0x671d6]
V  [jvm.dll+0x675be]
V  [jvm.dll+0x16b1ec]
V  [jvm.dll+0x148f35]
V  [jvm.dll+0x14816e]
V  [jvm.dll+0x14849c]
V  [jvm.dll+0x148912]
V  [jvm.dll+0x171549]
C  [msvcr100.dll+0x5c6de]  endthreadex+0x3a
C  [msvcr100.dll+0x5c788]  endthreadex+0xe4
C  [kernel32.dll+0x4ed6c]  BaseThreadInitThunk+0x12
C  [ntdll.dll+0x6377b]  RtlInitializeExceptionChain+0xef
C  [ntdll.dll+0x6374e]  RtlInitializeExceptionChain+0xc2

VM_Operation (0x05aaf8a4): GenCollectFull, mode: safepoint, requested by thread 0x03ffe000


---------------  P R O C E S S  ---------------

Java Threads: ( => current thread )
  0x03fffc00 JavaThread "Image Fetcher 0" daemon [_thread_blocked, id=2356, stack(0x06610000,0x06660000)]
  0x03ffe000 JavaThread "SimulationThread" [_thread_blocked, id=1288, stack(0x05a60000,0x05ab0000)]
  0x03ffdc00 JavaThread "TimerQueue" daemon [_thread_blocked, id=3404, stack(0x07070000,0x070c0000)]
  0x04000000 JavaThread "Keep-Alive-Timer" daemon [_thread_blocked, id=3432, stack(0x05a10000,0x05a60000)]
  0x04000c00 JavaThread "ProgressReporter" daemon [_thread_blocked, id=1236, stack(0x06590000,0x065e0000)]
  0x03ffc000 JavaThread "thread applet-greenfoot.export.GreenfootScenarioViewer.class-3" [_thread_blocked, id=3768, stack(0x05ab0000,0x05b00000)]
  0x04002000 JavaThread "AWT-EventQueue-4" [_thread_blocked, id=3740, stack(0x058f0000,0x05940000)]
  0x04001400 JavaThread "AWT-Shutdown" [_thread_blocked, id=2736, stack(0x05bd0000,0x05c20000)]
  0x04002800 JavaThread "Applet 6 LiveConnect Worker Thread" [_thread_blocked, id=2192, stack(0x04b70000,0x04bc0000)]
  0x04002c00 JavaThread "Java Sound Sequencer" [_thread_blocked, id=3472, stack(0x064e0000,0x06530000)]
  0x04000800 JavaThread "Java Sound Event Dispatcher" daemon [_thread_blocked, id=2456, stack(0x06190000,0x061e0000)]
  0x04001800 JavaThread "Java Sound Event Dispatcher" daemon [_thread_blocked, id=3412, stack(0x06070000,0x060c0000)]
  0x03ffe800 JavaThread "JVM[id=4]-Heartbeat" daemon [_thread_blocked, id=3528, stack(0x042b0000,0x04300000)]
  0x03ffd400 JavaThread "Browser Side Object Cleanup Thread" [_thread_blocked, id=3292, stack(0x04d60000,0x04db0000)]
  0x03ffd000 JavaThread "CacheCleanUpThread" daemon [_thread_blocked, id=3956, stack(0x04900000,0x04950000)]
  0x03ffc800 JavaThread "CacheMemoryCleanUpThread" daemon [_thread_blocked, id=3152, stack(0x049d0000,0x04a20000)]
  0x03ff6800 JavaThread "SysExecutionTheadCreator" daemon [_thread_blocked, id=504, stack(0x04840000,0x04890000)]
  0x03fecc00 JavaThread "AWT-Windows" daemon [_thread_in_native, id=2872, stack(0x00e50000,0x00f50000)]
  0x03fe3400 JavaThread "Java2D Disposer" daemon [_thread_blocked, id=528, stack(0x04630000,0x04680000)]
  0x03fda800 JavaThread "Java Plug-In Pipe Worker Thread (Client-Side)" daemon [_thread_in_native, id=2276, stack(0x048a0000,0x048f0000)]
  0x03fb9c00 JavaThread "Timer-0" [_thread_blocked, id=1164, stack(0x012d0000,0x01320000)]
  0x03f69c00 JavaThread "traceMsgQueueThread" daemon [_thread_blocked, id=3304, stack(0x04310000,0x04360000)]
  0x00b2e000 JavaThread "Service Thread" daemon [_thread_blocked, id=2724, stack(0x00320000,0x00370000)]
  0x00b2c800 JavaThread "C1 CompilerThread0" daemon [_thread_blocked, id=3948, stack(0x01030000,0x01080000)]
  0x00b2b800 JavaThread "Attach Listener" daemon [_thread_blocked, id=3744, stack(0x01250000,0x012a0000)]
  0x00b28800 JavaThread "Signal Dispatcher" daemon [_thread_blocked, id=2552, stack(0x011c0000,0x01210000)]
  0x00b0b800 JavaThread "Finalizer" daemon [_thread_blocked, id=3256, stack(0x00d50000,0x00da0000)]
  0x00b0a000 JavaThread "Reference Handler" daemon [_thread_blocked, id=3236, stack(0x00f80000,0x00fd0000)]
  0x00c0bc00 JavaThread "main" [_thread_blocked, id=1980, stack(0x00920000,0x00970000)]

Other Threads:
=>0x00b08c00 VMThread [stack: 0x010b0000,0x01100000] [id=1912]
  0x00b44400 WatcherThread [stack: 0x01160000,0x011b0000] [id=2880]

VM state:at safepoint (normal execution)

VM Mutex/Monitor currently owned by a thread:  ([mutex/lock_event])
[0x00c09618] Threads_lock - owner thread: 0x00b08c00
[0x00c09a28] Heap_lock - owner thread: 0x03ffe000

Heap
 def new generation   total 14208K, used 8103K [0x23c50000, 0x24bb0000, 0x291a0000)
  eden space 12672K,  63% used [0x23c50000, 0x24439fc0, 0x248b0000)
  from space 1536K,   0% used [0x248b0000, 0x248b0000, 0x24a30000)
  to   space 1536K,   0% used [0x24a30000, 0x24a30000, 0x24bb0000)
 tenured generation   total 31400K, used 18838K [0x291a0000, 0x2b04a000, 0x33c50000)
   the space 31400K,  59% used [0x291a0000, 0x2a4059d0, 0x2a405a00, 0x2b04a000)
 compacting perm gen  total 12288K, used 4962K [0x33c50000, 0x34850000, 0x37c50000)
   the space 12288K,  40% used [0x33c50000, 0x34128bf8, 0x34128c00, 0x34850000)
    ro space 10240K,  42% used [0x37c50000, 0x3808c7b0, 0x3808c800, 0x38650000)
    rw space 12288K,  53% used [0x38650000, 0x38cc8210, 0x38cc8400, 0x39250000)

Code Cache  [0x01f60000, 0x02238000, 0x03f60000)
 total_blobs=1740 nmethods=1472 adapters=200 free_code_cache=29947Kb largest_free_block=30601024

Dynamic libraries:
0x01330000 - 0x0135e000 	C:\Program Files\Java\jre7\bin\java.exe
0x77610000 - 0x7774c000 	C:\Windows\SYSTEM32\ntdll.dll
0x75eb0000 - 0x75f84000 	C:\Windows\system32\kernel32.dll
0x75a00000 - 0x75a4a000 	C:\Windows\system32\KERNELBASE.dll
0x761b0000 - 0x76250000 	C:\Windows\system32\ADVAPI32.dll
0x76640000 - 0x766ec000 	C:\Windows\system32\msvcrt.dll
0x768d0000 - 0x768e9000 	C:\Windows\SYSTEM32\sechost.dll
0x75d70000 - 0x75e11000 	C:\Windows\system32\RPCRT4.dll
0x77540000 - 0x77609000 	C:\Windows\system32\USER32.dll
0x75c00000 - 0x75c4e000 	C:\Windows\system32\GDI32.dll
0x76250000 - 0x7625a000 	C:\Windows\system32\LPK.dll
0x76480000 - 0x7651d000 	C:\Windows\system32\USP10.dll
0x71b70000 - 0x71d0e000 	C:\Windows\WinSxS\x86_microsoft.windows.common-controls_6595b64144ccf1df_6.0.7601.17514_none_41e6975e2bd6f2b2\COMCTL32.dll
0x777e0000 - 0x77837000 	C:\Windows\system32\SHLWAPI.dll
0x756a0000 - 0x756ec000 	C:\Windows\system32\apphelp.dll
0x68420000 - 0x684ad000 	C:\Windows\AppPatch\AcLayers.DLL
0x75680000 - 0x7569b000 	C:\Windows\system32\SspiCli.dll
0x768f0000 - 0x7753a000 	C:\Windows\system32\SHELL32.dll
0x76740000 - 0x7689c000 	C:\Windows\system32\ole32.dll
0x75b70000 - 0x75bff000 	C:\Windows\system32\OLEAUT32.dll
0x74dc0000 - 0x74dd7000 	C:\Windows\system32\USERENV.dll
0x757a0000 - 0x757ab000 	C:\Windows\system32\profapi.dll
0x74bf0000 - 0x74c41000 	C:\Windows\system32\WINSPOOL.DRV
0x74d40000 - 0x74d52000 	C:\Windows\system32\MPR.dll
0x777a0000 - 0x777bf000 	C:\Windows\system32\IMM32.DLL
0x75aa0000 - 0x75b6c000 	C:\Windows\system32\MSCTF.dll
0x69170000 - 0x6922e000 	C:\Program Files\Java\jre7\bin\msvcr100.dll
0x648a0000 - 0x64bc1000 	C:\Program Files\Java\jre7\bin\client\jvm.dll
0x74d30000 - 0x74d37000 	C:\Windows\system32\WSOCK32.dll
0x77750000 - 0x77785000 	C:\Windows\system32\WS2_32.dll
0x777c0000 - 0x777c6000 	C:\Windows\system32\NSI.dll
0x74b90000 - 0x74bc2000 	C:\Windows\system32\WINMM.dll
0x777d0000 - 0x777d5000 	C:\Windows\system32\PSAPI.DLL
0x71370000 - 0x7137c000 	C:\Program Files\Java\jre7\bin\verify.dll
0x6d0d0000 - 0x6d0f0000 	C:\Program Files\Java\jre7\bin\java.dll
0x64750000 - 0x64892000 	C:\Program Files\Java\jre7\bin\awt.dll
0x75720000 - 0x7572c000 	C:\Windows\system32\CRYPTBASE.dll
0x719f0000 - 0x71a30000 	C:\Windows\system32\uxtheme.dll
0x494e0000 - 0x494e7000 	C:\Users\Andy\Documents\Other\Tray It\TrayIt4!.dll
0x6d0b0000 - 0x6d0c3000 	C:\Program Files\Java\jre7\bin\zip.dll
0x70b00000 - 0x70b06000 	C:\Program Files\Java\jre7\bin\jp2native.dll
0x69bc0000 - 0x69bf3000 	C:\Program Files\Java\jre7\bin\deploy.dll
0x74d60000 - 0x74d69000 	C:\Windows\system32\VERSION.dll
0x76520000 - 0x7663b000 	C:\Windows\system32\WININET.dll
0x77790000 - 0x77793000 	C:\Windows\system32\Normaliz.dll
0x75f90000 - 0x76148000 	C:\Windows\system32\iertutil.dll
0x75c50000 - 0x75d61000 	C:\Windows\system32\urlmon.dll
0x69600000 - 0x69614000 	C:\Program Files\Java\jre7\bin\net.dll
0x751e0000 - 0x7521c000 	C:\Windows\system32\mswsock.dll
0x751d0000 - 0x751d6000 	C:\Windows\System32\wship6.dll
0x70a80000 - 0x70a8f000 	C:\Program Files\Java\jre7\bin\nio.dll
0x716c0000 - 0x716d3000 	C:\Windows\system32\dwmapi.dll
0x69320000 - 0x6934a000 	C:\Program Files\Java\jre7\bin\fontmanager.dll
0x72050000 - 0x72055000 	C:\Windows\System32\wshtcpip.dll
0x750a0000 - 0x750e4000 	C:\Windows\system32\DNSAPI.dll
0x6d7d0000 - 0x6d7f7000 	C:\Program Files\Common Files\Microsoft Shared\Windows Live\WLIDNSP.DLL
0x6d7a0000 - 0x6d7c1000 	C:\Program Files\Bonjour\mdnsNSP.dll
0x70ca0000 - 0x70cbc000 	C:\Windows\system32\Iphlpapi.DLL
0x70c90000 - 0x70c97000 	C:\Windows\system32\WINNSI.DLL
0x6d790000 - 0x6d796000 	C:\Windows\system32\rasadhlp.dll
0x70b80000 - 0x70bb8000 	C:\Windows\System32\fwpuclnt.dll
0x75220000 - 0x75236000 	C:\Windows\system32\CRYPTSP.dll
0x74fc0000 - 0x74ffb000 	C:\Windows\system32\rsaenh.dll
0x70fe0000 - 0x70ff0000 	C:\Windows\system32\NLAapi.dll
0x6cf30000 - 0x6cf40000 	C:\Windows\system32\napinsp.dll
0x6cf10000 - 0x6cf22000 	C:\Windows\system32\pnrpnsp.dll
0x6cf00000 - 0x6cf08000 	C:\Windows\System32\winrnr.dll
0x68540000 - 0x68564000 	C:\Program Files\Java\jre7\bin\dcpr.dll
0x68500000 - 0x68531000 	C:\Program Files\Java\jre7\bin\t2k.dll
0x69140000 - 0x69165000 	C:\Program Files\Java\jre7\bin\jpeg.dll
0x683f0000 - 0x6841d000 	C:\Program Files\Java\jre7\bin\kcms.dll
0x75e20000 - 0x75ea3000 	C:\Windows\system32\CLBCatQ.DLL
0x5f9d0000 - 0x5fa5e000 	C:\Program Files\Java\jre7\bin\mlib_image.dll
0x6f060000 - 0x6f06a000 	C:\Program Files\Java\jre7\bin\jsound.dll
0x6ef30000 - 0x6ef39000 	C:\Program Files\Java\jre7\bin\jsoundds.dll
0x68a70000 - 0x68ae2000 	C:\Windows\system32\DSOUND.dll
0x71390000 - 0x713b5000 	C:\Windows\system32\POWRPROF.dll
0x762e0000 - 0x7647d000 	C:\Windows\system32\SETUPAPI.dll
0x75a50000 - 0x75a77000 	C:\Windows\system32\CFGMGR32.dll
0x75a80000 - 0x75a92000 	C:\Windows\system32\DEVOBJ.dll
0x716e0000 - 0x71719000 	C:\Windows\system32\MMDevAPI.DLL
0x71a30000 - 0x71b25000 	C:\Windows\system32\PROPSYS.dll
0x70fb0000 - 0x70fe0000 	C:\Windows\system32\wdmaud.drv
0x70fa0000 - 0x70fa4000 	C:\Windows\system32\ksuser.dll
0x71380000 - 0x71387000 	C:\Windows\system32\AVRT.dll
0x70ee0000 - 0x70f16000 	C:\Windows\system32\AUDIOSES.DLL
0x70ed0000 - 0x70ed8000 	C:\Windows\system32\msacm32.drv
0x70e60000 - 0x70e74000 	C:\Windows\system32\MSACM32.dll
0x70e50000 - 0x70e57000 	C:\Windows\system32\midimap.dll

VM Arguments:
jvm_args: -D__jvm_launched=5735146479 -D__applet_launched=5735144739 -Xbootclasspath/a:C:\\PROGRA~1\\Java\\jre7\\lib\\deploy.jar;C:\\PROGRA~1\\Java\\jre7\\lib\\javaws.jar;C:\\PROGRA~1\\Java\\jre7\\lib\\plugin.jar -Dsun.awt.warmup=true -Dsun.plugin2.jvm.args=-D__jvm_launched=5735146479 -D__applet_launched=5735144739 "-Xbootclasspath/a:C:\\\\PROGRA~1\\\\Java\\\\jre7\\\\lib\\\\deploy.jar;C:\\\\PROGRA~1\\\\Java\\\\jre7\\\\lib\\\\javaws.jar;C:\\\\PROGRA~1\\\\Java\\\\jre7\\\\lib\\\\plugin.jar" "-Djava.class.path=C:\\\\PROGRA~1\\\\Java\\\\jre7\\\\classes" -Dsun.awt.warmup=true --- -- 
java_command: sun.plugin2.main.client.PluginMain write_pipe_name=jpi2_pid2060_pipe9,read_pipe_name=jpi2_pid2060_pipe8
Launcher Type: SUN_STANDARD

Environment Variables:
PATH=C:\Program Files\Mozilla Firefox;C:\Program Files\Common Files\Microsoft Shared\Windows Live;C:\Windows\system32;C:\Windows;C:\Windows\System32\Wbem;C:\Windows\System32\WindowsPowerShell\v1.0\;C:\Program Files\Common Files\Adobe\AGL;c:\Program Files\Microsoft SQL Server\100\Tools\Binn\;c:\Program Files\Microsoft SQL Server\100\DTS\Binn\;C:\Program Files\Windows Live\Shared;C:\Program Files\QuickTime\QTSystem\
USERNAME=Andy
OS=Windows_NT
PROCESSOR_IDENTIFIER=x86 Family 6 Model 15 Stepping 13, GenuineIntel



---------------  S Y S T E M  ---------------

OS: Windows 7 Build 7601 Service Pack 1

CPU:total 2 (2 cores per cpu, 1 threads per core) family 6 model 15 stepping 13, cmov, cx8, fxsr, mmx, sse, sse2, sse3, ssse3

Memory: 4k page, physical 3134644k(1601092k free), swap 6267532k(4491964k free)

vm_info: Java HotSpot(TM) Client VM (21.1-b02) for windows-x86 JRE (1.7.0_01-b08), built on Oct  3 2011 02:11:36 by "java_re" with unknown MS VC++:1600

time: Thu Jan 12 20:15:17 2012
elapsed time: 436 seconds

